<?xml version="1.0" encoding="utf-8"?><testsuites name="pytest tests"><testsuite name="pytest" errors="0" failures="0" skipped="0" tests="26" time="3.267" timestamp="2026-02-22T06:50:28.563161+00:00" hostname="agent-env-5955aa67-bd31-4573-b523-a9ae0a9d5fb5"><testcase classname="backend.tests.test_bulk_upload.TestBulkTemplate" name="test_template_returns_csv" time="0.224" /><testcase classname="backend.tests.test_bulk_upload.TestBulkTemplate" name="test_template_has_correct_columns" time="0.048" /><testcase classname="backend.tests.test_bulk_upload.TestBulkTemplate" name="test_template_has_10_sample_rows" time="0.048" /><testcase classname="backend.tests.test_bulk_upload.TestBulkTemplate" name="test_template_sample_rows_valid" time="0.044" /><testcase classname="backend.tests.test_bulk_upload.TestBulkTemplate" name="test_template_requires_auth" time="0.154" /><testcase classname="backend.tests.test_bulk_upload.TestBulkValidateCSV" name="test_validate_all_valid_rows" time="0.289" /><testcase classname="backend.tests.test_bulk_upload.TestBulkValidateCSV" name="test_validate_returns_correct_summary_fields" time="0.137" /><testcase classname="backend.tests.test_bulk_upload.TestBulkValidateCSV" name="test_validate_missing_name" time="0.110" /><testcase classname="backend.tests.test_bulk_upload.TestBulkValidateCSV" name="test_validate_bad_phone_too_short" time="0.155" /><testcase classname="backend.tests.test_bulk_upload.TestBulkValidateCSV" name="test_validate_invalid_land_type" time="0.126" /><testcase classname="backend.tests.test_bulk_upload.TestBulkValidateCSV" name="test_validate_negative_acres" time="0.099" /><testcase classname="backend.tests.test_bulk_upload.TestBulkValidateCSV" name="test_validate_mixed_valid_and_invalid" time="0.170" /><testcase classname="backend.tests.test_bulk_upload.TestBulkValidateCSV" name="test_validate_duplicate_phone_in_csv" time="0.102" /><testcase classname="backend.tests.test_bulk_upload.TestBulkValidateCSV" name="test_validate_phone_already_in_db" time="0.233" /><testcase classname="backend.tests.test_bulk_upload.TestBulkValidateCSV" name="test_validate_empty_csv" time="0.106" /><testcase classname="backend.tests.test_bulk_upload.TestBulkValidateCSV" name="test_validate_missing_required_columns" time="0.114" /><testcase classname="backend.tests.test_bulk_upload.TestBulkValidateCSV" name="test_validate_invalid_project" time="0.113" /><testcase classname="backend.tests.test_bulk_upload.TestBulkValidateCSV" name="test_validate_phone_strip_plus91" time="0.101" /><testcase classname="backend.tests.test_bulk_upload.TestBulkOnboard" name="test_onboard_valid_rows" time="0.106" /><testcase classname="backend.tests.test_bulk_upload.TestBulkOnboard" name="test_onboard_returns_project_name" time="0.048" /><testcase classname="backend.tests.test_bulk_upload.TestBulkOnboard" name="test_onboard_duplicate_phone_rejected" time="0.050" /><testcase classname="backend.tests.test_bulk_upload.TestBulkOnboard" name="test_onboard_persists_to_db" time="0.099" /><testcase classname="backend.tests.test_bulk_upload.TestBulkOnboard" name="test_onboard_invalid_project_returns_404" time="0.050" /><testcase classname="backend.tests.test_bulk_upload.TestBulkOnboard" name="test_onboard_empty_rows_returns_400" time="0.066" /><testcase classname="backend.tests.test_bulk_upload.TestBulkOnboard" name="test_onboard_partial_success" time="0.049" /><testcase classname="backend.tests.test_bulk_upload.TestBulkE2E" name="test_full_flow_validate_then_onboard" time="0.252" /></testsuite></testsuites>