<?xml version="1.0" encoding="utf-8"?><testsuites name="pytest tests"><testsuite name="pytest" errors="0" failures="0" skipped="0" tests="37" time="4.185" timestamp="2026-02-22T03:55:18.672168+00:00" hostname="agent-env-5955aa67-bd31-4573-b523-a9ae0a9d5fb5"><testcase classname="backend.tests.test_vanaledger.TestAuth" name="test_demo_user_endpoint" time="1.257" /><testcase classname="backend.tests.test_vanaledger.TestAuth" name="test_auth_me_demo_mode" time="0.056" /><testcase classname="backend.tests.test_vanaledger.TestDashboard" name="test_dashboard_stats" time="0.061" /><testcase classname="backend.tests.test_vanaledger.TestDashboard" name="test_dashboard_stats_real_numbers" time="0.052" /><testcase classname="backend.tests.test_vanaledger.TestDashboard" name="test_dashboard_recent_activities_farmer_names" time="0.053" /><testcase classname="backend.tests.test_vanaledger.TestProjects" name="test_list_projects" time="0.051" /><testcase classname="backend.tests.test_vanaledger.TestProjects" name="test_project_fields" time="0.062" /><testcase classname="backend.tests.test_vanaledger.TestProjects" name="test_create_and_delete_project" time="0.101" /><testcase classname="backend.tests.test_vanaledger.TestProjects" name="test_project_no_village_district_fields" time="0.050" /><testcase classname="backend.tests.test_vanaledger.TestFarmers" name="test_list_farmers_pagination" time="0.064" /><testcase classname="backend.tests.test_vanaledger.TestFarmers" name="test_farmers_total_count" time="0.051" /><testcase classname="backend.tests.test_vanaledger.TestFarmers" name="test_farmers_7_pages" time="0.049" /><testcase classname="backend.tests.test_vanaledger.TestFarmers" name="test_farmer_fields_no_village_district" time="0.051" /><testcase classname="backend.tests.test_vanaledger.TestFarmers" name="test_farmer_phone_format" time="0.057" /><testcase classname="backend.tests.test_vanaledger.TestFarmers" name="test_farmer_names_are_proper" time="0.051" /><testcase classname="backend.tests.test_vanaledger.TestFarmers" name="test_create_farmer_duplicate_phone" time="0.111" /><testcase classname="backend.tests.test_vanaledger.TestFarmers" name="test_farmers_pagination_page2" time="0.100" /><testcase classname="backend.tests.test_vanaledger.TestActivities" name="test_list_activities" time="0.078" /><testcase classname="backend.tests.test_vanaledger.TestActivities" name="test_activities_have_statuses" time="0.068" /><testcase classname="backend.tests.test_vanaledger.TestActivities" name="test_filter_activities_by_status" time="0.049" /><testcase classname="backend.tests.test_vanaledger.TestActivities" name="test_activity_fields" time="0.060" /><testcase classname="backend.tests.test_vanaledger.TestActivities" name="test_activity_no_old_claim_fields" time="0.085" /><testcase classname="backend.tests.test_vanaledger.TestActivities" name="test_verify_activity_approve" time="0.102" /><testcase classname="backend.tests.test_vanaledger.TestCredits" name="test_list_credits" time="0.064" /><testcase classname="backend.tests.test_vanaledger.TestCredits" name="test_credits_have_all_statuses" time="0.048" /><testcase classname="backend.tests.test_vanaledger.TestCredits" name="test_credits_summary_values" time="0.048" /><testcase classname="backend.tests.test_vanaledger.TestCredits" name="test_credits_fields" time="0.058" /><testcase classname="backend.tests.test_vanaledger.TestCredits" name="test_log_new_credit_issuance" time="0.159" /><testcase classname="backend.tests.test_vanaledger.TestLedger" name="test_get_ledger" time="0.053" /><testcase classname="backend.tests.test_vanaledger.TestLedger" name="test_ledger_fields" time="0.054" /><testcase classname="backend.tests.test_vanaledger.TestExports" name="test_export_activity_csv" time="0.072" /><testcase classname="backend.tests.test_vanaledger.TestExports" name="test_export_payout_csv" time="0.053" /><testcase classname="backend.tests.test_vanaledger.TestExports" name="test_export_calculation_sheet" time="0.070" /><testcase classname="backend.tests.test_vanaledger.TestExports" name="test_export_evidence_json" time="0.205" /><testcase classname="backend.tests.test_vanaledger.TestExports" name="test_export_audit_log" time="0.065" /><testcase classname="backend.tests.test_vanaledger.TestExports" name="test_export_dossier_pdf" time="0.101" /><testcase classname="backend.tests.test_vanaledger.TestWebhooks" name="test_webhook_status" time="0.213" /></testsuite></testsuites>