<?xml version="1.0" encoding="utf-8"?><testsuites name="pytest tests"><testsuite name="pytest" errors="0" failures="0" skipped="0" tests="7" time="2.388" timestamp="2026-04-16T23:04:51.808026+00:00" hostname="agent-env-ce9c40b0-5f04-402f-ba4f-0cb044c69b6a"><testcase classname="backend.tests.test_survey_questions.TestSurveyQuestionsBackend" name="test_create_activity_with_survey_responses" time="0.470" /><testcase classname="backend.tests.test_survey_questions.TestSurveyQuestionsBackend" name="test_get_activities_returns_survey_responses" time="0.299" /><testcase classname="backend.tests.test_survey_questions.TestSurveyQuestionsBackend" name="test_create_activity_without_survey_responses" time="0.253" /><testcase classname="backend.tests.test_survey_questions.TestSurveyQuestionsBackend" name="test_create_activity_with_empty_survey_responses" time="0.294" /><testcase classname="backend.tests.test_survey_questions.TestSurveyQuestionsBackend" name="test_create_activity_with_partial_survey_responses" time="0.265" /><testcase classname="backend.tests.test_survey_questions.TestSurveyQuestionsBackend" name="test_survey_responses_persisted_correctly" time="0.383" /><testcase classname="backend.tests.test_survey_questions.TestSurveyQuestionsValidation" name="test_survey_responses_accepts_any_string_values" time="0.242" /></testsuite></testsuites>